# JRE version: Java(TM) SE Runtime Environment (14.0.2+12) (build 14.0.2+12-46)
# Java VM: Java HotSpot(TM) 64-Bit Server VM (14.0.2+12-46, mixed mode, sharing, tiered, compressed oops, g1 gc, windows-amd64)
Heap:
 garbage-first heap   total 96256K, used 66999K [0x00000000a1800000, 0x0000000100000000)
  region size 1024K, 41 young (41984K), 3 survivors (3072K)
 Metaspace       used 56788K, capacity 57809K, committed 57856K, reserved 1099776K
  class space    used 7550K, capacity 7906K, committed 7936K, reserved 1048576K
GC Heap History (20 events):
Event: 11.821 GC heap before
{Heap before GC invocations=11 (full 0):
 garbage-first heap   total 55296K, used 44158K [0x00000000a1800000, 0x0000000100000000)
  region size 1024K, 28 young (28672K), 2 survivors (2048K)
 Metaspace       used 24857K, capacity 25534K, committed 25728K, reserved 1071104K
  class space    used 3093K, capacity 3334K, committed 3456K, reserved 1048576K
}
Event: 11.830 GC heap after
{Heap after GC invocations=12 (full 0):
 garbage-first heap   total 55296K, used 18545K [0x00000000a1800000, 0x0000000100000000)
  region size 1024K, 3 young (3072K), 3 survivors (3072K)
 Metaspace       used 24857K, capacity 25534K, committed 25728K, reserved 1071104K
  class space    used 3093K, capacity 3334K, committed 3456K, reserved 1048576K
}
Event: 12.500 GC heap before
{Heap before GC invocations=12 (full 0):
 garbage-first heap   total 55296K, used 44145K [0x00000000a1800000, 0x0000000100000000)
  region size 1024K, 28 young (28672K), 3 survivors (3072K)
 Metaspace       used 28904K, capacity 29617K, committed 29824K, reserved 1075200K
  class space    used 3610K, capacity 3862K, committed 3968K, reserved 1048576K
}
Event: 12.512 GC heap after
{Heap after GC invocations=13 (full 0):
 garbage-first heap   total 66560K, used 19323K [0x00000000a1800000, 0x0000000100000000)
  region size 1024K, 3 young (3072K), 3 survivors (3072K)
 Metaspace       used 28904K, capacity 29617K, committed 29824K, reserved 1075200K
  class space    used 3610K, capacity 3862K, committed 3968K, reserved 1048576K
}
Event: 13.337 GC heap before
{Heap before GC invocations=13 (full 0):
 garbage-first heap   total 66560K, used 52091K [0x00000000a1800000, 0x0000000100000000)
  region size 1024K, 35 young (35840K), 3 survivors (3072K)
 Metaspace       used 31351K, capacity 32136K, committed 32256K, reserved 1077248K
  class space    used 3990K, capacity 4252K, committed 4352K, reserved 1048576K
}
Event: 13.349 GC heap after
{Heap after GC invocations=14 (full 0):
 garbage-first heap   total 66560K, used 20102K [0x00000000a1800000, 0x0000000100000000)
  region size 1024K, 3 young (3072K), 3 survivors (3072K)
 Metaspace       used 31351K, capacity 32136K, committed 32256K, reserved 1077248K
  class space    used 3990K, capacity 4252K, committed 4352K, reserved 1048576K
}
Event: 14.337 GC heap before
{Heap before GC invocations=14 (full 0):
 garbage-first heap   total 66560K, used 52870K [0x00000000a1800000, 0x0000000100000000)
  region size 1024K, 35 young (35840K), 3 survivors (3072K)
 Metaspace       used 34560K, capacity 35302K, committed 35584K, reserved 1079296K
  class space    used 4498K, capacity 4757K, committed 4864K, reserved 1048576K
}
Event: 14.355 GC heap after
{Heap after GC invocations=15 (full 0):
 garbage-first heap   total 66560K, used 21957K [0x00000000a1800000, 0x0000000100000000)
  region size 1024K, 4 young (4096K), 4 survivors (4096K)
 Metaspace       used 34560K, capacity 35302K, committed 35584K, reserved 1079296K
  class space    used 4498K, capacity 4757K, committed 4864K, reserved 1048576K
}
Event: 14.458 GC heap before
{Heap before GC invocations=15 (full 0):
 garbage-first heap   total 66560K, used 24005K [0x00000000a1800000, 0x0000000100000000)
  region size 1024K, 7 young (7168K), 4 survivors (4096K)
 Metaspace       used 35012K, capacity 35797K, committed 35840K, reserved 1081344K
  class space    used 4570K, capacity 4858K, committed 4864K, reserved 1048576K
}
Event: 14.469 GC heap after
{Heap after GC invocations=16 (full 0):
 garbage-first heap   total 66560K, used 21713K [0x00000000a1800000, 0x0000000100000000)
  region size 1024K, 2 young (2048K), 2 survivors (2048K)
 Metaspace       used 35012K, capacity 35797K, committed 35840K, reserved 1081344K
  class space    used 4570K, capacity 4858K, committed 4864K, reserved 1048576K
}
Event: 15.482 GC heap before
{Heap before GC invocations=17 (full 0):
 garbage-first heap   total 66560K, used 53457K [0x00000000a1800000, 0x0000000100000000)
  region size 1024K, 33 young (33792K), 2 survivors (2048K)
 Metaspace       used 38056K, capacity 38921K, committed 39040K, reserved 1083392K
  class space    used 5091K, capacity 5398K, committed 5504K, reserved 1048576K
}
Event: 15.496 GC heap after
{Heap after GC invocations=18 (full 0):
 garbage-first heap   total 79872K, used 23108K [0x00000000a1800000, 0x0000000100000000)
  region size 1024K, 3 young (3072K), 3 survivors (3072K)
 Metaspace       used 38056K, capacity 38921K, committed 39040K, reserved 1083392K
  class space    used 5091K, capacity 5398K, committed 5504K, reserved 1048576K
}
Event: 16.837 GC heap before
{Heap before GC invocations=18 (full 0):
 garbage-first heap   total 79872K, used 65092K [0x00000000a1800000, 0x0000000100000000)
  region size 1024K, 44 young (45056K), 3 survivors (3072K)
 Metaspace       used 41142K, capacity 42091K, committed 42240K, reserved 1085440K
  class space    used 5435K, capacity 5787K, committed 5888K, reserved 1048576K
}
Event: 16.856 GC heap after
{Heap after GC invocations=19 (full 0):
 garbage-first heap   total 79872K, used 24967K [0x00000000a1800000, 0x0000000100000000)
  region size 1024K, 5 young (5120K), 5 survivors (5120K)
 Metaspace       used 41142K, capacity 42091K, committed 42240K, reserved 1085440K
  class space    used 5435K, capacity 5787K, committed 5888K, reserved 1048576K
}
Event: 18.490 GC heap before
{Heap before GC invocations=19 (full 0):
 garbage-first heap   total 79872K, used 64903K [0x00000000a1800000, 0x0000000100000000)
  region size 1024K, 44 young (45056K), 5 survivors (5120K)
 Metaspace       used 46874K, capacity 47830K, committed 48128K, reserved 1091584K
  class space    used 6254K, capacity 6611K, committed 6656K, reserved 1048576K
}
Event: 18.513 GC heap after
{Heap after GC invocations=20 (full 0):
 garbage-first heap   total 79872K, used 26931K [0x00000000a1800000, 0x0000000100000000)
  region size 1024K, 4 young (4096K), 4 survivors (4096K)
 Metaspace       used 46874K, capacity 47830K, committed 48128K, reserved 1091584K
  class space    used 6254K, capacity 6611K, committed 6656K, reserved 1048576K
}
Event: 19.666 GC heap before
{Heap before GC invocations=20 (full 0):
 garbage-first heap   total 79872K, used 65843K [0x00000000a1800000, 0x0000000100000000)
  region size 1024K, 42 young (43008K), 4 survivors (4096K)
 Metaspace       used 52498K, capacity 53392K, committed 53504K, reserved 1095680K
  class space    used 7009K, capacity 7356K, committed 7424K, reserved 1048576K
}
Event: 19.683 GC heap after
{Heap after GC invocations=21 (full 0):
 garbage-first heap   total 79872K, used 28186K [0x00000000a1800000, 0x0000000100000000)
  region size 1024K, 4 young (4096K), 4 survivors (4096K)
 Metaspace       used 52498K, capacity 53392K, committed 53504K, reserved 1095680K
  class space    used 7009K, capacity 7356K, committed 7424K, reserved 1048576K
}
Event: 20.676 GC heap before
{Heap before GC invocations=21 (full 0):
 garbage-first heap   total 79872K, used 65050K [0x00000000a1800000, 0x0000000100000000)
  region size 1024K, 40 young (40960K), 4 survivors (4096K)
 Metaspace       used 56062K, capacity 57043K, committed 57216K, reserved 1099776K
  class space    used 7471K, capacity 7802K, committed 7808K, reserved 1048576K
}
Event: 20.691 GC heap after
{Heap after GC invocations=22 (full 0):
 garbage-first heap   total 96256K, used 29111K [0x00000000a1800000, 0x0000000100000000)
  region size 1024K, 3 young (3072K), 3 survivors (3072K)
 Metaspace       used 56062K, capacity 57043K, committed 57216K, reserved 1099776K
  class space    used 7471K, capacity 7802K, committed 7808K, reserved 1048576K
}

