# JRE version: Java(TM) SE Runtime Environment (14.0.2+12) (build 14.0.2+12-46)
# Java VM: Java HotSpot(TM) 64-Bit Server VM (14.0.2+12-46, mixed mode, sharing, tiered, compressed oops, g1 gc, windows-amd64)
Heap:
 garbage-first heap   total 98304K, used 48681K [0x00000000a1800000, 0x0000000100000000)
  region size 1024K, 46 young (47104K), 2 survivors (2048K)
 Metaspace       used 19124K, capacity 19616K, committed 19840K, reserved 1067008K
  class space    used 2428K, capacity 2599K, committed 2688K, reserved 1048576K
GC Heap History (6 events):
Event: 1.019 GC heap before
{Heap before GC invocations=0 (full 0):
 garbage-first heap   total 98304K, used 13312K [0x00000000a1800000, 0x0000000100000000)
  region size 1024K, 13 young (13312K), 0 survivors (0K)
 Metaspace       used 3764K, capacity 6042K, committed 6272K, reserved 1056768K
  class space    used 402K, capacity 631K, committed 640K, reserved 1048576K
}
Event: 1.030 GC heap after
{Heap after GC invocations=1 (full 0):
 garbage-first heap   total 98304K, used 3711K [0x00000000a1800000, 0x0000000100000000)
  region size 1024K, 2 young (2048K), 2 survivors (2048K)
 Metaspace       used 3764K, capacity 6042K, committed 6272K, reserved 1056768K
  class space    used 402K, capacity 631K, committed 640K, reserved 1048576K
}
Event: 1.423 GC heap before
{Heap before GC invocations=1 (full 0):
 garbage-first heap   total 98304K, used 13951K [0x00000000a1800000, 0x0000000100000000)
  region size 1024K, 13 young (13312K), 2 survivors (2048K)
 Metaspace       used 5947K, capacity 7143K, committed 7296K, reserved 1056768K
  class space    used 695K, capacity 831K, committed 896K, reserved 1048576K
}
Event: 1.431 GC heap after
{Heap after GC invocations=2 (full 0):
 garbage-first heap   total 98304K, used 4618K [0x00000000a1800000, 0x0000000100000000)
  region size 1024K, 1 young (1024K), 1 survivors (1024K)
 Metaspace       used 5947K, capacity 7143K, committed 7296K, reserved 1056768K
  class space    used 695K, capacity 831K, committed 896K, reserved 1048576K
}
Event: 2.018 GC heap before
{Heap before GC invocations=2 (full 0):
 garbage-first heap   total 98304K, used 28170K [0x00000000a1800000, 0x0000000100000000)
  region size 1024K, 25 young (25600K), 1 survivors (1024K)
 Metaspace       used 10320K, capacity 10813K, committed 11008K, reserved 1058816K
  class space    used 1365K, capacity 1485K, committed 1536K, reserved 1048576K
}
Event: 2.023 GC heap after
{Heap after GC invocations=3 (full 0):
 garbage-first heap   total 98304K, used 5673K [0x00000000a1800000, 0x0000000100000000)
  region size 1024K, 2 young (2048K), 2 survivors (2048K)
 Metaspace       used 10320K, capacity 10813K, committed 11008K, reserved 1058816K
  class space    used 1365K, capacity 1485K, committed 1536K, reserved 1048576K
}

