# JRE version: Java(TM) SE Runtime Environment (14.0.2+12) (build 14.0.2+12-46)
# Java VM: Java HotSpot(TM) 64-Bit Server VM (14.0.2+12-46, mixed mode, sharing, tiered, compressed oops, g1 gc, windows-amd64)
Heap:
 garbage-first heap   total 98304K, used 6751K [0x00000000a1800000, 0x0000000100000000)
  region size 1024K, 3 young (3072K), 3 survivors (3072K)
 Metaspace       used 16370K, capacity 16794K, committed 16896K, reserved 1073152K
  class space    used 2085K, capacity 2239K, committed 2304K, reserved 1048576K
GC Heap History (6 events):
Event: 1.153 GC heap before
{Heap before GC invocations=0 (full 0):
 garbage-first heap   total 98304K, used 13312K [0x00000000a1800000, 0x0000000100000000)
  region size 1024K, 13 young (13312K), 0 survivors (0K)
 Metaspace       used 3743K, capacity 6042K, committed 6272K, reserved 1056768K
  class space    used 402K, capacity 631K, committed 640K, reserved 1048576K
}
Event: 1.163 GC heap after
{Heap after GC invocations=1 (full 0):
 garbage-first heap   total 98304K, used 3625K [0x00000000a1800000, 0x0000000100000000)
  region size 1024K, 2 young (2048K), 2 survivors (2048K)
 Metaspace       used 3743K, capacity 6042K, committed 6272K, reserved 1056768K
  class space    used 402K, capacity 631K, committed 640K, reserved 1048576K
}
Event: 1.532 GC heap before
{Heap before GC invocations=1 (full 0):
 garbage-first heap   total 98304K, used 13865K [0x00000000a1800000, 0x0000000100000000)
  region size 1024K, 12 young (12288K), 2 survivors (2048K)
 Metaspace       used 5799K, capacity 7015K, committed 7296K, reserved 1056768K
  class space    used 680K, capacity 831K, committed 896K, reserved 1048576K
}
Event: 1.538 GC heap after
{Heap after GC invocations=2 (full 0):
 garbage-first heap   total 98304K, used 4693K [0x00000000a1800000, 0x0000000100000000)
  region size 1024K, 1 young (1024K), 1 survivors (1024K)
 Metaspace       used 5799K, capacity 7015K, committed 7296K, reserved 1056768K
  class space    used 680K, capacity 831K, committed 896K, reserved 1048576K
}
Event: 2.081 GC heap before
{Heap before GC invocations=2 (full 0):
 garbage-first heap   total 98304K, used 28245K [0x00000000a1800000, 0x0000000100000000)
  region size 1024K, 25 young (25600K), 1 survivors (1024K)
 Metaspace       used 10152K, capacity 10675K, committed 10752K, reserved 1058816K
  class space    used 1349K, capacity 1481K, committed 1536K, reserved 1048576K
}
Event: 2.086 GC heap after
{Heap after GC invocations=3 (full 0):
 garbage-first heap   total 98304K, used 5793K [0x00000000a1800000, 0x0000000100000000)
  region size 1024K, 2 young (2048K), 2 survivors (2048K)
 Metaspace       used 10152K, capacity 10675K, committed 10752K, reserved 1058816K
  class space    used 1349K, capacity 1481K, committed 1536K, reserved 1048576K
}

