# JRE version: Java(TM) SE Runtime Environment (14.0.2+12) (build 14.0.2+12-46)
# Java VM: Java HotSpot(TM) 64-Bit Server VM (14.0.2+12-46, mixed mode, sharing, tiered, compressed oops, g1 gc, windows-amd64)
Heap:
 garbage-first heap   total 118784K, used 10554K [0x00000000a1800000, 0x0000000100000000)
  region size 1024K, 3 young (3072K), 3 survivors (3072K)
 Metaspace       used 9912K, capacity 10321K, committed 10368K, reserved 1069056K
  class space    used 1274K, capacity 1385K, committed 1408K, reserved 1048576K
GC Heap History (8 events):
Event: 0.977 GC heap before
{Heap before GC invocations=0 (full 0):
 garbage-first heap   total 98304K, used 14336K [0x00000000a1800000, 0x0000000100000000)
  region size 1024K, 13 young (13312K), 0 survivors (0K)
 Metaspace       used 1657K, capacity 4993K, committed 5120K, reserved 1056768K
  class space    used 142K, capacity 472K, committed 512K, reserved 1048576K
}
Event: 0.988 GC heap after
{Heap after GC invocations=1 (full 0):
 garbage-first heap   total 98304K, used 7787K [0x00000000a1800000, 0x0000000100000000)
  region size 1024K, 2 young (2048K), 2 survivors (2048K)
 Metaspace       used 1657K, capacity 4993K, committed 5120K, reserved 1056768K
  class space    used 142K, capacity 472K, committed 512K, reserved 1048576K
}
Event: 1.636 GC heap before
{Heap before GC invocations=1 (full 0):
 garbage-first heap   total 98304K, used 18027K [0x00000000a1800000, 0x0000000100000000)
  region size 1024K, 12 young (12288K), 2 survivors (2048K)
 Metaspace       used 3918K, capacity 6022K, committed 6272K, reserved 1056768K
  class space    used 396K, capacity 602K, committed 640K, reserved 1048576K
}
Event: 1.643 GC heap after
{Heap after GC invocations=2 (full 0):
 garbage-first heap   total 98304K, used 8898K [0x00000000a1800000, 0x0000000100000000)
  region size 1024K, 2 young (2048K), 2 survivors (2048K)
 Metaspace       used 3918K, capacity 6022K, committed 6272K, reserved 1056768K
  class space    used 396K, capacity 602K, committed 640K, reserved 1048576K
}
Event: 1.873 GC heap before
{Heap before GC invocations=2 (full 0):
 garbage-first heap   total 98304K, used 28354K [0x00000000a1800000, 0x0000000100000000)
  region size 1024K, 22 young (22528K), 2 survivors (2048K)
 Metaspace       used 4651K, capacity 6315K, committed 6656K, reserved 1056768K
  class space    used 490K, capacity 658K, committed 768K, reserved 1048576K
}
Event: 1.879 GC heap after
{Heap after GC invocations=3 (full 0):
 garbage-first heap   total 98304K, used 9284K [0x00000000a1800000, 0x0000000100000000)
  region size 1024K, 2 young (2048K), 2 survivors (2048K)
 Metaspace       used 4651K, capacity 6315K, committed 6656K, reserved 1056768K
  class space    used 490K, capacity 658K, committed 768K, reserved 1048576K
}
Event: 2.889 GC heap before
{Heap before GC invocations=3 (full 0):
 garbage-first heap   total 98304K, used 64580K [0x00000000a1800000, 0x0000000100000000)
  region size 1024K, 57 young (58368K), 2 survivors (2048K)
 Metaspace       used 8976K, capacity 9512K, committed 9728K, reserved 1058816K
  class space    used 1111K, capacity 1219K, committed 1280K, reserved 1048576K
}
Event: 2.896 GC heap after
{Heap after GC invocations=4 (full 0):
 garbage-first heap   total 98304K, used 10318K [0x00000000a1800000, 0x0000000100000000)
  region size 1024K, 3 young (3072K), 3 survivors (3072K)
 Metaspace       used 8976K, capacity 9512K, committed 9728K, reserved 1058816K
  class space    used 1111K, capacity 1219K, committed 1280K, reserved 1048576K
}

