# JRE version: Java(TM) SE Runtime Environment (14.0.2+12) (build 14.0.2+12-46)
# Java VM: Java HotSpot(TM) 64-Bit Server VM (14.0.2+12-46, mixed mode, sharing, tiered, compressed oops, g1 gc, windows-amd64)
Heap:
 garbage-first heap   total 98304K, used 31994K [0x00000000a1800000, 0x0000000100000000)
  region size 1024K, 3 young (3072K), 3 survivors (3072K)
 Metaspace       used 65618K, capacity 67137K, committed 67448K, reserved 1107968K
  class space    used 8681K, capacity 9264K, committed 9344K, reserved 1048576K
GC Heap History (20 events):
Event: 11.847 GC heap after
{Heap after GC invocations=17 (full 0):
 garbage-first heap   total 51200K, used 20684K [0x00000000a1800000, 0x0000000100000000)
  region size 1024K, 1 young (1024K), 1 survivors (1024K)
 Metaspace       used 34715K, capacity 35697K, committed 35840K, reserved 1081344K
  class space    used 4380K, capacity 4748K, committed 4864K, reserved 1048576K
}
Event: 12.071 GC heap before
{Heap before GC invocations=18 (full 0):
 garbage-first heap   total 51200K, used 40140K [0x00000000a1800000, 0x0000000100000000)
  region size 1024K, 21 young (21504K), 1 survivors (1024K)
 Metaspace       used 35270K, capacity 36209K, committed 36352K, reserved 1081344K
  class space    used 4441K, capacity 4812K, committed 4864K, reserved 1048576K
}
Event: 12.074 GC heap after
{Heap after GC invocations=19 (full 0):
 garbage-first heap   total 51200K, used 21107K [0x00000000a1800000, 0x0000000100000000)
  region size 1024K, 1 young (1024K), 1 survivors (1024K)
 Metaspace       used 35270K, capacity 36209K, committed 36352K, reserved 1081344K
  class space    used 4441K, capacity 4812K, committed 4864K, reserved 1048576K
}
Event: 12.152 GC heap before
{Heap before GC invocations=19 (full 0):
 garbage-first heap   total 71680K, used 41587K [0x00000000a1800000, 0x0000000100000000)
  region size 1024K, 22 young (22528K), 1 survivors (1024K)
 Metaspace       used 35286K, capacity 36273K, committed 36352K, reserved 1081344K
  class space    used 4441K, capacity 4812K, committed 4864K, reserved 1048576K
}
Event: 12.155 GC heap after
{Heap after GC invocations=20 (full 0):
 garbage-first heap   total 71680K, used 21034K [0x00000000a1800000, 0x0000000100000000)
  region size 1024K, 1 young (1024K), 1 survivors (1024K)
 Metaspace       used 35286K, capacity 36273K, committed 36352K, reserved 1081344K
  class space    used 4441K, capacity 4812K, committed 4864K, reserved 1048576K
}
Event: 13.102 GC heap before
{Heap before GC invocations=21 (full 0):
 garbage-first heap   total 71680K, used 59946K [0x00000000a1800000, 0x0000000100000000)
  region size 1024K, 39 young (39936K), 1 survivors (1024K)
 Metaspace       used 39308K, capacity 40355K, committed 40448K, reserved 1085440K
  class space    used 4920K, capacity 5316K, committed 5376K, reserved 1048576K
}
Event: 13.108 GC heap after
{Heap after GC invocations=22 (full 0):
 garbage-first heap   total 71680K, used 22558K [0x00000000a1800000, 0x0000000100000000)
  region size 1024K, 3 young (3072K), 3 survivors (3072K)
 Metaspace       used 39308K, capacity 40355K, committed 40448K, reserved 1085440K
  class space    used 4920K, capacity 5316K, committed 5376K, reserved 1048576K
}
Event: 13.954 GC heap before
{Heap before GC invocations=22 (full 0):
 garbage-first heap   total 71680K, used 58398K [0x00000000a1800000, 0x0000000100000000)
  region size 1024K, 38 young (38912K), 3 survivors (3072K)
 Metaspace       used 46167K, capacity 47265K, committed 47488K, reserved 1089536K
  class space    used 5990K, capacity 6422K, committed 6528K, reserved 1048576K
}
Event: 13.961 GC heap after
{Heap after GC invocations=23 (full 0):
 garbage-first heap   total 71680K, used 24291K [0x00000000a1800000, 0x0000000100000000)
  region size 1024K, 5 young (5120K), 5 survivors (5120K)
 Metaspace       used 46167K, capacity 47265K, committed 47488K, reserved 1089536K
  class space    used 5990K, capacity 6422K, committed 6528K, reserved 1048576K
}
Event: 14.754 GC heap before
{Heap before GC invocations=23 (full 0):
 garbage-first heap   total 71680K, used 57059K [0x00000000a1800000, 0x0000000100000000)
  region size 1024K, 37 young (37888K), 5 survivors (5120K)
 Metaspace       used 51781K, capacity 52874K, committed 52992K, reserved 1095680K
  class space    used 6728K, capacity 7139K, committed 7168K, reserved 1048576K
}
Event: 14.763 GC heap after
{Heap after GC invocations=24 (full 0):
 garbage-first heap   total 71680K, used 25814K [0x00000000a1800000, 0x0000000100000000)
  region size 1024K, 4 young (4096K), 4 survivors (4096K)
 Metaspace       used 51781K, capacity 52874K, committed 52992K, reserved 1095680K
  class space    used 6728K, capacity 7139K, committed 7168K, reserved 1048576K
}
Event: 15.560 GC heap before
{Heap before GC invocations=24 (full 0):
 garbage-first heap   total 71680K, used 58582K [0x00000000a1800000, 0x0000000100000000)
  region size 1024K, 36 young (36864K), 4 survivors (4096K)
 Metaspace       used 56945K, capacity 58145K, committed 58240K, reserved 1099776K
  class space    used 7520K, capacity 7975K, committed 8064K, reserved 1048576K
}
Event: 15.570 GC heap after
{Heap after GC invocations=25 (full 0):
 garbage-first heap   total 86016K, used 27533K [0x00000000a1800000, 0x0000000100000000)
  region size 1024K, 3 young (3072K), 3 survivors (3072K)
 Metaspace       used 56945K, capacity 58145K, committed 58240K, reserved 1099776K
  class space    used 7520K, capacity 7975K, committed 8064K, reserved 1048576K
}
Event: 15.980 GC heap before
{Heap before GC invocations=25 (full 0):
 garbage-first heap   total 86016K, used 44941K [0x00000000a1800000, 0x0000000100000000)
  region size 1024K, 21 young (21504K), 3 survivors (3072K)
 Metaspace       used 59105K, capacity 60347K, committed 60544K, reserved 1101824K
  class space    used 7825K, capacity 8306K, committed 8320K, reserved 1048576K
}
Event: 15.988 GC heap after
{Heap after GC invocations=26 (full 0):
 garbage-first heap   total 86016K, used 28313K [0x00000000a1800000, 0x0000000100000000)
  region size 1024K, 4 young (4096K), 4 survivors (4096K)
 Metaspace       used 59105K, capacity 60347K, committed 60544K, reserved 1101824K
  class space    used 7825K, capacity 8306K, committed 8320K, reserved 1048576K
}
Event: 16.865 GC heap before
{Heap before GC invocations=27 (full 0):
 garbage-first heap   total 86016K, used 69273K [0x00000000a1800000, 0x0000000100000000)
  region size 1024K, 44 young (45056K), 4 survivors (4096K)
 Metaspace       used 61812K, capacity 63172K, committed 63352K, reserved 1103872K
  class space    used 8211K, capacity 8736K, committed 8832K, reserved 1048576K
}
Event: 16.875 GC heap after
{Heap after GC invocations=28 (full 0):
 garbage-first heap   total 86016K, used 30414K [0x00000000a1800000, 0x0000000100000000)
  region size 1024K, 5 young (5120K), 5 survivors (5120K)
 Metaspace       used 61812K, capacity 63172K, committed 63352K, reserved 1103872K
  class space    used 8211K, capacity 8736K, committed 8832K, reserved 1048576K
}
Event: 17.877 GC heap before
{Heap before GC invocations=29 (full 0):
 garbage-first heap   total 86016K, used 69326K [0x00000000a1800000, 0x0000000100000000)
  region size 1024K, 43 young (44032K), 5 survivors (5120K)
 Metaspace       used 64593K, capacity 65979K, committed 66296K, reserved 1105920K
  class space    used 8570K, capacity 9112K, committed 9216K, reserved 1048576K
}
Event: 17.899 GC heap after
{Heap after GC invocations=30 (full 0):
 garbage-first heap   total 86016K, used 32260K [0x00000000a1800000, 0x0000000100000000)
  region size 1024K, 5 young (5120K), 5 survivors (5120K)
 Metaspace       used 64593K, capacity 65979K, committed 66296K, reserved 1105920K
  class space    used 8570K, capacity 9112K, committed 9216K, reserved 1048576K
}
Event: 833.302 GC heap before
{Heap before GC invocations=30 (full 0):
 garbage-first heap   total 86016K, used 70148K [0x00000000a1800000, 0x0000000100000000)
  region size 1024K, 42 young (43008K), 5 survivors (5120K)
 Metaspace       used 65618K, capacity 67137K, committed 67448K, reserved 1107968K
  class space    used 8681K, capacity 9264K, committed 9344K, reserved 1048576K
}

