# JRE version: Java(TM) SE Runtime Environment (14.0.2+12) (build 14.0.2+12-46)
# Java VM: Java HotSpot(TM) 64-Bit Server VM (14.0.2+12-46, mixed mode, sharing, tiered, compressed oops, g1 gc, windows-amd64)
Heap:
 garbage-first heap   total 92160K, used 45842K [0x00000000a1800000, 0x0000000100000000)
  region size 1024K, 16 young (16384K), 2 survivors (2048K)
 Metaspace       used 58424K, capacity 59715K, committed 59904K, reserved 1101824K
  class space    used 7569K, capacity 8072K, committed 8192K, reserved 1048576K
GC Heap History (20 events):
Event: 10.730 GC heap before
{Heap before GC invocations=9 (full 0):
 garbage-first heap   total 63488K, used 47695K [0x00000000a1800000, 0x0000000100000000)
  region size 1024K, 35 young (35840K), 4 survivors (4096K)
 Metaspace       used 30737K, capacity 31496K, committed 31744K, reserved 1077248K
  class space    used 3838K, capacity 4086K, committed 4096K, reserved 1048576K
}
Event: 10.753 GC heap after
{Heap after GC invocations=10 (full 0):
 garbage-first heap   total 63488K, used 18465K [0x00000000a1800000, 0x0000000100000000)
  region size 1024K, 5 young (5120K), 5 survivors (5120K)
 Metaspace       used 30737K, capacity 31496K, committed 31744K, reserved 1077248K
  class space    used 3838K, capacity 4086K, committed 4096K, reserved 1048576K
}
Event: 11.669 GC heap before
{Heap before GC invocations=10 (full 0):
 garbage-first heap   total 63488K, used 47137K [0x00000000a1800000, 0x0000000100000000)
  region size 1024K, 33 young (33792K), 5 survivors (5120K)
 Metaspace       used 34108K, capacity 35016K, committed 35072K, reserved 1079296K
  class space    used 4218K, capacity 4552K, committed 4608K, reserved 1048576K
}
Event: 11.691 GC heap after
{Heap after GC invocations=11 (full 0):
 garbage-first heap   total 63488K, used 21312K [0x00000000a1800000, 0x0000000100000000)
  region size 1024K, 5 young (5120K), 5 survivors (5120K)
 Metaspace       used 34108K, capacity 35016K, committed 35072K, reserved 1079296K
  class space    used 4218K, capacity 4552K, committed 4608K, reserved 1048576K
}
Event: 12.047 GC heap before
{Heap before GC invocations=11 (full 0):
 garbage-first heap   total 63488K, used 34624K [0x00000000a1800000, 0x0000000100000000)
  region size 1024K, 20 young (20480K), 5 survivors (5120K)
 Metaspace       used 34781K, capacity 35641K, committed 35840K, reserved 1081344K
  class space    used 4288K, capacity 4591K, committed 4608K, reserved 1048576K
}
Event: 12.064 GC heap after
{Heap after GC invocations=12 (full 0):
 garbage-first heap   total 76800K, used 21000K [0x00000000a1800000, 0x0000000100000000)
  region size 1024K, 1 young (1024K), 1 survivors (1024K)
 Metaspace       used 34781K, capacity 35641K, committed 35840K, reserved 1081344K
  class space    used 4288K, capacity 4591K, committed 4608K, reserved 1048576K
}
Event: 13.311 GC heap before
{Heap before GC invocations=13 (full 0):
 garbage-first heap   total 76800K, used 58888K [0x00000000a1800000, 0x0000000100000000)
  region size 1024K, 38 young (38912K), 1 survivors (1024K)
 Metaspace       used 35938K, capacity 36846K, committed 37120K, reserved 1081344K
  class space    used 4459K, capacity 4783K, committed 4864K, reserved 1048576K
}
Event: 13.320 GC heap after
{Heap after GC invocations=14 (full 0):
 garbage-first heap   total 76800K, used 21702K [0x00000000a1800000, 0x0000000100000000)
  region size 1024K, 2 young (2048K), 2 survivors (2048K)
 Metaspace       used 35938K, capacity 36846K, committed 37120K, reserved 1081344K
  class space    used 4459K, capacity 4783K, committed 4864K, reserved 1048576K
}
Event: 14.768 GC heap before
{Heap before GC invocations=14 (full 0):
 garbage-first heap   total 76800K, used 59590K [0x00000000a1800000, 0x0000000100000000)
  region size 1024K, 39 young (39936K), 2 survivors (2048K)
 Metaspace       used 39425K, capacity 40453K, committed 40704K, reserved 1085440K
  class space    used 4934K, capacity 5296K, committed 5376K, reserved 1048576K
}
Event: 14.781 GC heap after
{Heap after GC invocations=15 (full 0):
 garbage-first heap   total 76800K, used 23053K [0x00000000a1800000, 0x0000000100000000)
  region size 1024K, 3 young (3072K), 3 survivors (3072K)
 Metaspace       used 39425K, capacity 40453K, committed 40704K, reserved 1085440K
  class space    used 4934K, capacity 5296K, committed 5376K, reserved 1048576K
}
Event: 15.607 GC heap before
{Heap before GC invocations=15 (full 0):
 garbage-first heap   total 76800K, used 60941K [0x00000000a1800000, 0x0000000100000000)
  region size 1024K, 40 young (40960K), 3 survivors (3072K)
 Metaspace       used 42539K, capacity 43531K, committed 43776K, reserved 1087488K
  class space    used 5413K, capacity 5799K, committed 5888K, reserved 1048576K
}
Event: 15.622 GC heap after
{Heap after GC invocations=16 (full 0):
 garbage-first heap   total 76800K, used 24255K [0x00000000a1800000, 0x0000000100000000)
  region size 1024K, 4 young (4096K), 4 survivors (4096K)
 Metaspace       used 42539K, capacity 43531K, committed 43776K, reserved 1087488K
  class space    used 5413K, capacity 5799K, committed 5888K, reserved 1048576K
}
Event: 16.617 GC heap before
{Heap before GC invocations=16 (full 0):
 garbage-first heap   total 76800K, used 61119K [0x00000000a1800000, 0x0000000100000000)
  region size 1024K, 40 young (40960K), 4 survivors (4096K)
 Metaspace       used 45282K, capacity 46328K, committed 46464K, reserved 1089536K
  class space    used 5808K, capacity 6211K, committed 6272K, reserved 1048576K
}
Event: 16.627 GC heap after
{Heap after GC invocations=17 (full 0):
 garbage-first heap   total 76800K, used 26481K [0x00000000a1800000, 0x0000000100000000)
  region size 1024K, 4 young (4096K), 4 survivors (4096K)
 Metaspace       used 45282K, capacity 46328K, committed 46464K, reserved 1089536K
  class space    used 5808K, capacity 6211K, committed 6272K, reserved 1048576K
}
Event: 19.092 GC heap before
{Heap before GC invocations=17 (full 0):
 garbage-first heap   total 76800K, used 61297K [0x00000000a1800000, 0x0000000100000000)
  region size 1024K, 38 young (38912K), 4 survivors (4096K)
 Metaspace       used 49964K, capacity 51117K, committed 51200K, reserved 1093632K
  class space    used 6463K, capacity 6909K, committed 6912K, reserved 1048576K
}
Event: 19.102 GC heap after
{Heap after GC invocations=18 (full 0):
 garbage-first heap   total 76800K, used 28413K [0x00000000a1800000, 0x0000000100000000)
  region size 1024K, 5 young (5120K), 5 survivors (5120K)
 Metaspace       used 49964K, capacity 51117K, committed 51200K, reserved 1093632K
  class space    used 6463K, capacity 6909K, committed 6912K, reserved 1048576K
}
Event: 20.269 GC heap before
{Heap before GC invocations=18 (full 0):
 garbage-first heap   total 76800K, used 60157K [0x00000000a1800000, 0x0000000100000000)
  region size 1024K, 36 young (36864K), 5 survivors (5120K)
 Metaspace       used 51842K, capacity 53117K, committed 53248K, reserved 1095680K
  class space    used 6659K, capacity 7119K, committed 7168K, reserved 1048576K
}
Event: 20.282 GC heap after
{Heap after GC invocations=19 (full 0):
 garbage-first heap   total 76800K, used 31141K [0x00000000a1800000, 0x0000000100000000)
  region size 1024K, 5 young (5120K), 5 survivors (5120K)
 Metaspace       used 51842K, capacity 53117K, committed 53248K, reserved 1095680K
  class space    used 6659K, capacity 7119K, committed 7168K, reserved 1048576K
}
Event: 77.567 GC heap before
{Heap before GC invocations=19 (full 0):
 garbage-first heap   total 76800K, used 59813K [0x00000000a1800000, 0x0000000100000000)
  region size 1024K, 34 young (34816K), 5 survivors (5120K)
 Metaspace       used 56634K, capacity 57922K, committed 57984K, reserved 1099776K
  class space    used 7286K, capacity 7781K, committed 7808K, reserved 1048576K
}
Event: 77.590 GC heap after
{Heap after GC invocations=20 (full 0):
 garbage-first heap   total 92160K, used 32530K [0x00000000a1800000, 0x0000000100000000)
  region size 1024K, 2 young (2048K), 2 survivors (2048K)
 Metaspace       used 56634K, capacity 57922K, committed 57984K, reserved 1099776K
  class space    used 7286K, capacity 7781K, committed 7808K, reserved 1048576K
}

